<?xml version="1.0" encoding="UTF-8"?>
<testng-results ignored="0" total="1" passed="1" failed="0" skipped="0">
  <reporter-output>
  </reporter-output>
  <suite started-at="2021-12-09T14:02:02 IST" name="Default suite" finished-at="2021-12-09T14:02:03 IST" duration-ms="90">
    <groups>
    </groups>
    <test started-at="2021-12-09T14:02:02 IST" name="Default test" finished-at="2021-12-09T14:02:03 IST" duration-ms="90">
      <class name="SDETPractice.SampleTest">
        <test-method signature="test()[pri:0, instance:SDETPractice.SampleTest@73ee04c8]" started-at="2021-12-09T14:02:03 IST" name="test" finished-at="2021-12-09T14:02:03 IST" duration-ms="17" status="PASS">
          <reporter-output>
          </reporter-output>
        </test-method> <!-- test -->
      </class> <!-- SDETPractice.SampleTest -->
    </test> <!-- Default test -->
  </suite> <!-- Default suite -->
</testng-results>
