<?xml version="1.0" encoding="UTF-8"?>
<testng-results ignored="0" total="1" passed="1" failed="0" skipped="0">
  <reporter-output>
  </reporter-output>
  <suite started-at="2021-12-09T16:25:56 IST" name="Default suite" finished-at="2021-12-09T16:25:56 IST" duration-ms="99">
    <groups>
    </groups>
    <test started-at="2021-12-09T16:25:56 IST" name="Default test" finished-at="2021-12-09T16:25:56 IST" duration-ms="99">
      <class name="TestJava">
        <test-method signature="test()[pri:0, instance:TestJava@61386958]" started-at="2021-12-09T16:25:56 IST" name="test" finished-at="2021-12-09T16:25:56 IST" duration-ms="14" status="PASS">
          <reporter-output>
          </reporter-output>
        </test-method> <!-- test -->
      </class> <!-- TestJava -->
    </test> <!-- Default test -->
  </suite> <!-- Default suite -->
</testng-results>
